Using pre-set license
Built from '2020.3/china_unity/release' branch; Version is '2020.3.6f1c1 (c884b0ebb9b3) revision 13141168'; Using compiler version '192528614'; Build Type 'Release'
OS: 'Windows 10 Pro; OS build 19042.928; Version 2009; 64bit' Language: 'zh' Physical Memory: 16317 MB
BatchMode: 1, IsHumanControllingUs: 0, StartBugReporterOnCrash: 0, Is64bit: 1, IsPro: 0

 COMMAND LINE ARGUMENTS:
D:\Program Files\Unity\2020.3.6f1c1\Editor\Unity.exe
-adb2
-batchMode
-noUpm
-name
AssetImportWorker0
-projectPath
F:/Project/HybridShader
-logFile
Logs/AssetImportWorker0.log
-srvPort
62879
Successfully changed project path to: F:/Project/HybridShader
F:/Project/HybridShader
Using Asset Import Pipeline V2.
Refreshing native plugins compatible for Editor in 43.54 ms, found 0 plugins.
Preloading 0 native plugins for Editor in 0.00 ms.
Initialize engine version: 2020.3.6f1c1 (c884b0ebb9b3)
[Subsystems] Discovering subsystems at path D:/Program Files/Unity/2020.3.6f1c1/Editor/Data/Resources/UnitySubsystems
[Subsystems] Discovering subsystems at path F:/Project/HybridShader/Assets
GfxDevice: creating device client; threaded=0
Direct3D:
    Version:  Direct3D 11.0 [level 11.1]
    Renderer: NVIDIA GeForce GTX 1650 (ID=0x1f82)
    Vendor:   
    VRAM:     3962 MB
    Driver:   27.21.14.5671
Shader 'Universal Render Pipeline/Particles/Lit': fallback shader 'Universal Render Pipeline/Particles/SimpleLit' not found
Initialize mono
Mono path[0] = 'D:/Program Files/Unity/2020.3.6f1c1/Editor/Data/Managed'
Mono path[1] = 'D:/Program Files/Unity/2020.3.6f1c1/Editor/Data/MonoBleedingEdge/lib/mono/unityjit'
Mono config path = 'D:/Program Files/Unity/2020.3.6f1c1/Editor/Data/MonoBleedingEdge/etc'
Using monoOptions --debugger-agent=transport=dt_socket,embedding=1,server=y,suspend=n,address=127.0.0.1:56364
Begin MonoManager ReloadAssembly
Registering precompiled unity dll's ...
Register platform support module: D:/Program Files/Unity/2020.3.6f1c1/Editor/Data/PlaybackEngines/WindowsStandaloneSupport/UnityEditor.WindowsStandalone.Extensions.dll
Registered in 0.001035 seconds.
Native extension for WindowsStandalone target not found
Refreshing native plugins compatible for Editor in 40.87 ms, found 0 plugins.
Preloading 0 native plugins for Editor in 0.00 ms.
Mono: successfully reloaded assembly
- Completed reload, in  0.840 seconds
Platform modules already initialized, skipping
Registering precompiled user dll's ...
Registered in 0.003689 seconds.
Begin MonoManager ReloadAssembly
Native extension for WindowsStandalone target not found
Refreshing native plugins compatible for Editor in 42.87 ms, found 0 plugins.
Preloading 0 native plugins for Editor in 0.00 ms.
Mono: successfully reloaded assembly
- Completed reload, in  1.031 seconds
Platform modules already initialized, skipping
========================================================================
Worker process is ready to serve import requests
Shader 'Universal Render Pipeline/Particles/Lit': fallback shader 'Universal Render Pipeline/Particles/SimpleLit' not found
Launched and connected shader compiler UnityShaderCompiler.exe after 0.12 seconds
Refreshing native plugins compatible for Editor in 0.45 ms, found 0 plugins.
Preloading 0 native plugins for Editor in 0.00 ms.
Unloading 2682 Unused Serialized files (Serialized files now loaded: 0)
System memory in use before: 122.3 MB.
System memory in use after: 122.5 MB.

Unloading 16 unused Assets to reduce memory usage. Loaded Objects now: 3119.
Total: 2.438900 ms (FindLiveObjects: 0.391100 ms CreateObjectMapping: 0.170500 ms MarkObjects: 1.777000 ms  DeleteObjects: 0.099300 ms)

========================================================================
Received Import Request.
  path: Assets/Example
  artifactKey: Guid(b08b0c36cb4c4c14180ecb34b80a5514) Importer(815301076,1909f56bfc062723c751e8b465ee728b)
Start importing Assets/Example using Guid(b08b0c36cb4c4c14180ecb34b80a5514) Importer(815301076,1909f56bfc062723c751e8b465ee728b)  -> (artifact id: 'd1532dc2322f3338ed700a0156968a9d') in 0.004393 seconds
  Import took 0.008710 seconds .

========================================================================
Received Import Request.
  Time since last request: 0.000287 seconds.
  path: Assets/Example/SkinSubsurface.unity
  artifactKey: Guid(324903a6fa90968469cb08627d5f060c) Importer(815301076,1909f56bfc062723c751e8b465ee728b)
Start importing Assets/Example/SkinSubsurface.unity using Guid(324903a6fa90968469cb08627d5f060c) Importer(815301076,1909f56bfc062723c751e8b465ee728b)  -> (artifact id: 'adef74750822265b6b2a8e19736cca76') in 0.009946 seconds
  Import took 0.013609 seconds .

========================================================================
Received Import Request.
  Time since last request: 0.081278 seconds.
  path: Assets/Example/Hair.unity
  artifactKey: Guid(04df84cf9d30ae8449a2ebd1d6c999c9) Importer(815301076,1909f56bfc062723c751e8b465ee728b)
Start importing Assets/Example/Hair.unity using Guid(04df84cf9d30ae8449a2ebd1d6c999c9) Importer(815301076,1909f56bfc062723c751e8b465ee728b)  -> (artifact id: 'd3a0b19ed5dd6a099ebfd6194385ce8e') in 0.002932 seconds
  Import took 0.006641 seconds .

========================================================================
Received Import Request.
  Time since last request: 0.001357 seconds.
  path: Assets/Example/Hair.unity
  artifactKey: Guid(04df84cf9d30ae8449a2ebd1d6c999c9) Importer(815301076,1909f56bfc062723c751e8b465ee728b)
Start importing Assets/Example/Hair.unity using Guid(04df84cf9d30ae8449a2ebd1d6c999c9) Importer(815301076,1909f56bfc062723c751e8b465ee728b)  -> (artifact id: 'd3a0b19ed5dd6a099ebfd6194385ce8e') in 0.001733 seconds
  Import took 0.006031 seconds .

========================================================================
Received Prepare
Registering precompiled user dll's ...
Registered in 0.002899 seconds.
Begin MonoManager ReloadAssembly
Native extension for WindowsStandalone target not found
Refreshing native plugins compatible for Editor in 0.44 ms, found 0 plugins.
Preloading 0 native plugins for Editor in 0.00 ms.
Mono: successfully reloaded assembly
- Completed reload, in  0.943 seconds
Platform modules already initialized, skipping
Shader 'Universal Render Pipeline/Particles/Lit': fallback shader 'Universal Render Pipeline/Particles/SimpleLit' not found
Refreshing native plugins compatible for Editor in 0.44 ms, found 0 plugins.
Preloading 0 native plugins for Editor in 0.00 ms.
Unloading 2570 Unused Serialized files (Serialized files now loaded: 0)
System memory in use before: 115.3 MB.
System memory in use after: 115.5 MB.

Unloading 12 unused Assets to reduce memory usage. Loaded Objects now: 3122.
Total: 2.299900 ms (FindLiveObjects: 0.245900 ms CreateObjectMapping: 0.104300 ms MarkObjects: 1.822500 ms  DeleteObjects: 0.126100 ms)

========================================================================
Received Import Request.
  Time since last request: 131.949258 seconds.
  path: Assets/Example/SkinSubsurface.unity
  artifactKey: Guid(324903a6fa90968469cb08627d5f060c) Importer(815301076,1909f56bfc062723c751e8b465ee728b)
Start importing Assets/Example/SkinSubsurface.unity using Guid(324903a6fa90968469cb08627d5f060c) Importer(815301076,1909f56bfc062723c751e8b465ee728b)  -> (artifact id: '692c43a08f49cdb961352ff6a5c69175') in 0.014803 seconds
  Import took 0.019051 seconds .

